生成启动时间为 2017/11/24 15:11:17。
     1>项目“E:\compiler_work\compiler\compiler\compiler.vcxproj”在节点 2 上(build 个目标)。
     1>InitializeBuildStatus:
         正在对“Debug\compiler.unsuccessfulbuild”执行 Touch 任务。
       ClCompile:
         C:\Program Files (x86)\Microsoft Visual Studio 10.0\VC\bin\CL.exe /c /ZI /nologo /W3 /WX- /Od /Oy- /D WIN32 /D _DEBUG /D _CONSOLE /D _UNICODE /D UNICODE /Gm /EHsc /RTC1 /MDd /GS /fp:precise /Zc:wchar_t /Zc:forScope /Fo"Debug\\" /Fd"Debug\vc100.pdb" /Gd /TP /analyze- /errorReport:prompt cffx.cpp
         cffx.cpp
       ManifestResourceCompile:
         C:\Program Files (x86)\Microsoft SDKs\Windows\v7.0A\bin\rc.exe /nologo /fo"Debug\compiler.exe.embed.manifest.res" Debug\compiler_manifest.rc 
       Link:
         C:\Program Files (x86)\Microsoft Visual Studio 10.0\VC\bin\link.exe /ERRORREPORT:PROMPT /OUT:"E:\compiler_work\compiler\Debug\compiler.exe" /INCREMENTAL /NOLOGO kernel32.lib user32.lib gdi32.lib winspool.lib comdlg32.lib advapi32.lib shell32.lib ole32.lib oleaut32.lib uuid.lib odbc32.lib odbccp32.lib /MANIFEST /ManifestFile:"Debug\compiler.exe.intermediate.manifest" /MANIFESTUAC:"level='asInvoker' uiAccess='false'" /DEBUG /PDB:"E:\compiler_work\compiler\Debug\compiler.pdb" /SUBSYSTEM:CONSOLE /TLBID:1 /DYNAMICBASE /NXCOMPAT /IMPLIB:"E:\compiler_work\compiler\Debug\compiler.lib" /MACHINE:X86 Debug\compiler.exe.embed.manifest.res
         Debug\cffx.obj
         Debug\main.obj
     1>main.obj : error LNK2005: "enum mem symID" (?symID@@3W4mem@@A) 已经在 cffx.obj 中定义
     1>E:\compiler_work\compiler\Debug\compiler.exe : fatal error LNK1169: 找到一个或多个多重定义的符号
     1>已完成生成项目“E:\compiler_work\compiler\compiler\compiler.vcxproj”(build 个目标)的操作 - 失败。

生成失败。

已用时间 00:00:04.77
